<?xml version="1.0" encoding="UTF-8"?>
<testng-results ignored="0" total="21" passed="17" failed="4" skipped="0">
  <reporter-output>
  </reporter-output>
  <suite started-at="2021-06-18T12:42:48 IST" name="Suite" finished-at="2021-06-18T12:54:40 IST" duration-ms="712721">
    <groups>
    </groups>
    <test started-at="2021-06-18T12:42:48 IST" name="Test" finished-at="2021-06-18T12:54:40 IST" duration-ms="712721">
      <class name="testCases_for_Single_Token.TestCases_for_Single_Token">
        <test-method is-config="true" signature="beforeSuite()[pri:0, instance:testCases_for_Single_Token.TestCases_for_Single_Token@cad498c]" started-at="2021-06-18T12:42:47 IST" name="beforeSuite" finished-at="2021-06-18T12:42:48 IST" duration-ms="234" status="PASS">
          <reporter-output>
          </reporter-output>
        </test-method> <!-- beforeSuite -->
        <test-method is-config="true" signature="OpenBrowser()[pri:0, instance:testCases_for_Single_Token.TestCases_for_Single_Token@cad498c]" started-at="2021-06-18T12:42:48 IST" name="OpenBrowser" finished-at="2021-06-18T12:43:30 IST" duration-ms="42171" status="PASS">
          <reporter-output>
          </reporter-output>
        </test-method> <!-- OpenBrowser -->
        <test-method is-config="true" signature="BeforeMethod(java.lang.reflect.Method)[pri:0, instance:testCases_for_Single_Token.TestCases_for_Single_Token@cad498c]" started-at="2021-06-18T12:43:30 IST" name="BeforeMethod" finished-at="2021-06-18T12:43:30 IST" duration-ms="10" status="PASS">
          <params>
            <param index="0">
              <value>
                <![CDATA[public void testCases_for_Single_Token.TestCases_for_Single_Token.Verifylogin() throws java.lang.InterruptedException]]>
              </value>
            </param>
          </params>
          <reporter-output>
          </reporter-output>
        </test-method> <!-- BeforeMethod -->
        <test-method signature="Verifylogin()[pri:1, instance:testCases_for_Single_Token.TestCases_for_Single_Token@cad498c]" started-at="2021-06-18T12:43:30 IST" name="Verifylogin" finished-at="2021-06-18T12:43:43 IST" duration-ms="12922" status="PASS">
          <reporter-output>
          </reporter-output>
        </test-method> <!-- Verifylogin -->
        <test-method is-config="true" signature="afterMethod(org.testng.ITestResult)[pri:0, instance:testCases_for_Single_Token.TestCases_for_Single_Token@cad498c]" started-at="2021-06-18T12:43:43 IST" name="afterMethod" finished-at="2021-06-18T12:43:43 IST" duration-ms="17" status="PASS">
          <params>
            <param index="0">
              <value>
                <![CDATA[[TestResult name=Verifylogin status=SUCCESS method=TestCases_for_Single_Token.Verifylogin()[pri:1, instance:testCases_for_Single_Token.TestCases_for_Single_Token@cad498c] output={null}]]]>
              </value>
            </param>
          </params>
          <reporter-output>
          </reporter-output>
        </test-method> <!-- afterMethod -->
        <test-method is-config="true" signature="BeforeMethod(java.lang.reflect.Method)[pri:0, instance:testCases_for_Single_Token.TestCases_for_Single_Token@cad498c]" started-at="2021-06-18T12:43:43 IST" name="BeforeMethod" finished-at="2021-06-18T12:43:43 IST" duration-ms="8" status="PASS">
          <params>
            <param index="0">
              <value>
                <![CDATA[public void testCases_for_Single_Token.TestCases_for_Single_Token.Validate_for_OTP_and_Decline_the_update() throws java.lang.InterruptedException]]>
              </value>
            </param>
          </params>
          <reporter-output>
          </reporter-output>
        </test-method> <!-- BeforeMethod -->
        <test-method signature="Validate_for_OTP_and_Decline_the_update()[pri:2, instance:testCases_for_Single_Token.TestCases_for_Single_Token@cad498c]" started-at="2021-06-18T12:43:43 IST" name="Validate_for_OTP_and_Decline_the_update" finished-at="2021-06-18T12:44:04 IST" duration-ms="21576" status="PASS">
          <reporter-output>
          </reporter-output>
        </test-method> <!-- Validate_for_OTP_and_Decline_the_update -->
        <test-method is-config="true" signature="afterMethod(org.testng.ITestResult)[pri:0, instance:testCases_for_Single_Token.TestCases_for_Single_Token@cad498c]" started-at="2021-06-18T12:44:04 IST" name="afterMethod" finished-at="2021-06-18T12:44:04 IST" duration-ms="2" status="PASS">
          <params>
            <param index="0">
              <value>
                <![CDATA[[TestResult name=Validate_for_OTP_and_Decline_the_update status=SUCCESS method=TestCases_for_Single_Token.Validate_for_OTP_and_Decline_the_update()[pri:2, instance:testCases_for_Single_Token.TestCases_for_Single_Token@cad498c] output={null}]]]>
              </value>
            </param>
          </params>
          <reporter-output>
          </reporter-output>
        </test-method> <!-- afterMethod -->
        <test-method is-config="true" signature="BeforeMethod(java.lang.reflect.Method)[pri:0, instance:testCases_for_Single_Token.TestCases_for_Single_Token@cad498c]" started-at="2021-06-18T12:44:04 IST" name="BeforeMethod" finished-at="2021-06-18T12:44:04 IST" duration-ms="7" status="PASS">
          <params>
            <param index="0">
              <value>
                <![CDATA[public void testCases_for_Single_Token.TestCases_for_Single_Token.openMarketplace() throws java.lang.InterruptedException]]>
              </value>
            </param>
          </params>
          <reporter-output>
          </reporter-output>
        </test-method> <!-- BeforeMethod -->
        <test-method signature="openMarketplace()[pri:3, instance:testCases_for_Single_Token.TestCases_for_Single_Token@cad498c]" started-at="2021-06-18T12:44:04 IST" name="openMarketplace" finished-at="2021-06-18T12:44:16 IST" duration-ms="11437" status="PASS">
          <reporter-output>
          </reporter-output>
        </test-method> <!-- openMarketplace -->
        <test-method is-config="true" signature="afterMethod(org.testng.ITestResult)[pri:0, instance:testCases_for_Single_Token.TestCases_for_Single_Token@cad498c]" started-at="2021-06-18T12:44:16 IST" name="afterMethod" finished-at="2021-06-18T12:44:16 IST" duration-ms="1" status="PASS">
          <params>
            <param index="0">
              <value>
                <![CDATA[[TestResult name=openMarketplace status=SUCCESS method=TestCases_for_Single_Token.openMarketplace()[pri:3, instance:testCases_for_Single_Token.TestCases_for_Single_Token@cad498c] output={null}]]]>
              </value>
            </param>
          </params>
          <reporter-output>
          </reporter-output>
        </test-method> <!-- afterMethod -->
        <test-method is-config="true" signature="BeforeMethod(java.lang.reflect.Method)[pri:0, instance:testCases_for_Single_Token.TestCases_for_Single_Token@cad498c]" started-at="2021-06-18T12:44:16 IST" name="BeforeMethod" finished-at="2021-06-18T12:44:16 IST" duration-ms="8" status="PASS">
          <params>
            <param index="0">
              <value>
                <![CDATA[public void testCases_for_Single_Token.TestCases_for_Single_Token.Validate_for_minting_token_from_marketplace_with_single_edition_WithoutAnyRoyaltyCheck() throws java.lang.InterruptedException,java.awt.AWTException]]>
              </value>
            </param>
          </params>
          <reporter-output>
          </reporter-output>
        </test-method> <!-- BeforeMethod -->
        <test-method signature="Validate_for_minting_token_from_marketplace_with_single_edition_WithoutAnyRoyaltyCheck()[pri:4, instance:testCases_for_Single_Token.TestCases_for_Single_Token@cad498c]" started-at="2021-06-18T12:44:16 IST" name="Validate_for_minting_token_from_marketplace_with_single_edition_WithoutAnyRoyaltyCheck" finished-at="2021-06-18T12:44:44 IST" duration-ms="28343" status="PASS">
          <reporter-output>
          </reporter-output>
        </test-method> <!-- Validate_for_minting_token_from_marketplace_with_single_edition_WithoutAnyRoyaltyCheck -->
        <test-method is-config="true" signature="afterMethod(org.testng.ITestResult)[pri:0, instance:testCases_for_Single_Token.TestCases_for_Single_Token@cad498c]" started-at="2021-06-18T12:44:44 IST" name="afterMethod" finished-at="2021-06-18T12:44:44 IST" duration-ms="1" status="PASS">
          <params>
            <param index="0">
              <value>
                <![CDATA[[TestResult name=Validate_for_minting_token_from_marketplace_with_single_edition_WithoutAnyRoyaltyCheck status=SUCCESS method=TestCases_for_Single_Token.Validate_for_minting_token_from_marketplace_with_single_edition_WithoutAnyRoyaltyCheck()[pri:4, instance:testCases_for_Single_Token.TestCases_for_Single_Token@cad498c] output={null}]]]>
              </value>
            </param>
          </params>
          <reporter-output>
          </reporter-output>
        </test-method> <!-- afterMethod -->
        <test-method is-config="true" signature="BeforeMethod(java.lang.reflect.Method)[pri:0, instance:testCases_for_Single_Token.TestCases_for_Single_Token@cad498c]" started-at="2021-06-18T12:44:44 IST" name="BeforeMethod" finished-at="2021-06-18T12:44:44 IST" duration-ms="1" status="PASS">
          <params>
            <param index="0">
              <value>
                <![CDATA[public void testCases_for_Single_Token.TestCases_for_Single_Token.Validate_Success_Massage_for_minted_token() throws java.lang.InterruptedException]]>
              </value>
            </param>
          </params>
          <reporter-output>
          </reporter-output>
        </test-method> <!-- BeforeMethod -->
        <test-method signature="Validate_Success_Massage_for_minted_token()[pri:5, instance:testCases_for_Single_Token.TestCases_for_Single_Token@cad498c]" started-at="2021-06-18T12:44:44 IST" name="Validate_Success_Massage_for_minted_token" finished-at="2021-06-18T12:45:02 IST" duration-ms="17952" status="PASS">
          <reporter-output>
          </reporter-output>
        </test-method> <!-- Validate_Success_Massage_for_minted_token -->
        <test-method is-config="true" signature="afterMethod(org.testng.ITestResult)[pri:0, instance:testCases_for_Single_Token.TestCases_for_Single_Token@cad498c]" started-at="2021-06-18T12:45:02 IST" name="afterMethod" finished-at="2021-06-18T12:45:02 IST" duration-ms="1" status="PASS">
          <params>
            <param index="0">
              <value>
                <![CDATA[[TestResult name=Validate_Success_Massage_for_minted_token status=SUCCESS method=TestCases_for_Single_Token.Validate_Success_Massage_for_minted_token()[pri:5, instance:testCases_for_Single_Token.TestCases_for_Single_Token@cad498c] output={null}]]]>
              </value>
            </param>
          </params>
          <reporter-output>
          </reporter-output>
        </test-method> <!-- afterMethod -->
        <test-method is-config="true" signature="BeforeMethod(java.lang.reflect.Method)[pri:0, instance:testCases_for_Single_Token.TestCases_for_Single_Token@cad498c]" started-at="2021-06-18T12:45:02 IST" name="BeforeMethod" finished-at="2021-06-18T12:45:02 IST" duration-ms="2" status="PASS">
          <params>
            <param index="0">
              <value>
                <![CDATA[public void testCases_for_Single_Token.TestCases_for_Single_Token.Validate_Minted_Token() throws java.lang.InterruptedException]]>
              </value>
            </param>
          </params>
          <reporter-output>
          </reporter-output>
        </test-method> <!-- BeforeMethod -->
        <test-method signature="Validate_Minted_Token()[pri:6, instance:testCases_for_Single_Token.TestCases_for_Single_Token@cad498c]" started-at="2021-06-18T12:45:02 IST" name="Validate_Minted_Token" finished-at="2021-06-18T12:45:23 IST" duration-ms="20608" status="PASS">
          <reporter-output>
          </reporter-output>
        </test-method> <!-- Validate_Minted_Token -->
        <test-method is-config="true" signature="afterMethod(org.testng.ITestResult)[pri:0, instance:testCases_for_Single_Token.TestCases_for_Single_Token@cad498c]" started-at="2021-06-18T12:45:23 IST" name="afterMethod" finished-at="2021-06-18T12:45:23 IST" duration-ms="0" status="PASS">
          <params>
            <param index="0">
              <value>
                <![CDATA[[TestResult name=Validate_Minted_Token status=SUCCESS method=TestCases_for_Single_Token.Validate_Minted_Token()[pri:6, instance:testCases_for_Single_Token.TestCases_for_Single_Token@cad498c] output={null}]]]>
              </value>
            </param>
          </params>
          <reporter-output>
          </reporter-output>
        </test-method> <!-- afterMethod -->
        <test-method is-config="true" signature="BeforeMethod(java.lang.reflect.Method)[pri:0, instance:testCases_for_Single_Token.TestCases_for_Single_Token@cad498c]" started-at="2021-06-18T12:45:23 IST" name="BeforeMethod" finished-at="2021-06-18T12:45:23 IST" duration-ms="2" status="PASS">
          <params>
            <param index="0">
              <value>
                <![CDATA[public void testCases_for_Single_Token.TestCases_for_Single_Token.SellToken() throws java.lang.InterruptedException]]>
              </value>
            </param>
          </params>
          <reporter-output>
          </reporter-output>
        </test-method> <!-- BeforeMethod -->
        <test-method signature="SellToken()[pri:7, instance:testCases_for_Single_Token.TestCases_for_Single_Token@cad498c]" started-at="2021-06-18T12:45:23 IST" name="SellToken" finished-at="2021-06-18T12:45:49 IST" duration-ms="25835" status="PASS">
          <reporter-output>
          </reporter-output>
        </test-method> <!-- SellToken -->
        <test-method is-config="true" signature="afterMethod(org.testng.ITestResult)[pri:0, instance:testCases_for_Single_Token.TestCases_for_Single_Token@cad498c]" started-at="2021-06-18T12:45:49 IST" name="afterMethod" finished-at="2021-06-18T12:45:49 IST" duration-ms="1" status="PASS">
          <params>
            <param index="0">
              <value>
                <![CDATA[[TestResult name=SellToken status=SUCCESS method=TestCases_for_Single_Token.SellToken()[pri:7, instance:testCases_for_Single_Token.TestCases_for_Single_Token@cad498c] output={null}]]]>
              </value>
            </param>
          </params>
          <reporter-output>
          </reporter-output>
        </test-method> <!-- afterMethod -->
        <test-method is-config="true" signature="BeforeMethod(java.lang.reflect.Method)[pri:0, instance:testCases_for_Single_Token.TestCases_for_Single_Token@cad498c]" started-at="2021-06-18T12:45:49 IST" name="BeforeMethod" finished-at="2021-06-18T12:45:49 IST" duration-ms="2" status="PASS">
          <params>
            <param index="0">
              <value>
                <![CDATA[public void testCases_for_Single_Token.TestCases_for_Single_Token.logout_buyer_account() throws java.lang.InterruptedException]]>
              </value>
            </param>
          </params>
          <reporter-output>
          </reporter-output>
        </test-method> <!-- BeforeMethod -->
        <test-method signature="logout_buyer_account()[pri:8, instance:testCases_for_Single_Token.TestCases_for_Single_Token@cad498c]" started-at="2021-06-18T12:45:49 IST" name="logout_buyer_account" finished-at="2021-06-18T12:45:55 IST" duration-ms="6456" status="PASS">
          <reporter-output>
          </reporter-output>
        </test-method> <!-- logout_buyer_account -->
        <test-method is-config="true" signature="BeforeMethod(java.lang.reflect.Method)[pri:0, instance:testCases_for_Single_Token.TestCases_for_Single_Token@cad498c]" started-at="2021-06-18T12:45:55 IST" name="BeforeMethod" finished-at="2021-06-18T12:45:55 IST" duration-ms="1" status="PASS">
          <params>
            <param index="0">
              <value>
                <![CDATA[public void testCases_for_Single_Token.TestCases_for_Single_Token.login_with_other_user() throws java.lang.InterruptedException]]>
              </value>
            </param>
          </params>
          <reporter-output>
          </reporter-output>
        </test-method> <!-- BeforeMethod -->
        <test-method is-config="true" signature="afterMethod(org.testng.ITestResult)[pri:0, instance:testCases_for_Single_Token.TestCases_for_Single_Token@cad498c]" started-at="2021-06-18T12:45:55 IST" name="afterMethod" finished-at="2021-06-18T12:45:55 IST" duration-ms="0" status="PASS">
          <params>
            <param index="0">
              <value>
                <![CDATA[[TestResult name=logout_buyer_account status=SUCCESS method=TestCases_for_Single_Token.logout_buyer_account()[pri:8, instance:testCases_for_Single_Token.TestCases_for_Single_Token@cad498c] output={null}]]]>
              </value>
            </param>
          </params>
          <reporter-output>
          </reporter-output>
        </test-method> <!-- afterMethod -->
        <test-method signature="login_with_other_user()[pri:9, instance:testCases_for_Single_Token.TestCases_for_Single_Token@cad498c]" started-at="2021-06-18T12:45:55 IST" name="login_with_other_user" finished-at="2021-06-18T12:46:30 IST" duration-ms="35161" status="PASS">
          <reporter-output>
          </reporter-output>
        </test-method> <!-- login_with_other_user -->
        <test-method is-config="true" signature="afterMethod(org.testng.ITestResult)[pri:0, instance:testCases_for_Single_Token.TestCases_for_Single_Token@cad498c]" started-at="2021-06-18T12:46:30 IST" name="afterMethod" finished-at="2021-06-18T12:46:30 IST" duration-ms="1" status="PASS">
          <params>
            <param index="0">
              <value>
                <![CDATA[[TestResult name=login_with_other_user status=SUCCESS method=TestCases_for_Single_Token.login_with_other_user()[pri:9, instance:testCases_for_Single_Token.TestCases_for_Single_Token@cad498c] output={null}]]]>
              </value>
            </param>
          </params>
          <reporter-output>
          </reporter-output>
        </test-method> <!-- afterMethod -->
        <test-method is-config="true" signature="BeforeMethod(java.lang.reflect.Method)[pri:0, instance:testCases_for_Single_Token.TestCases_for_Single_Token@cad498c]" started-at="2021-06-18T12:46:30 IST" name="BeforeMethod" finished-at="2021-06-18T12:46:30 IST" duration-ms="1" status="PASS">
          <params>
            <param index="0">
              <value>
                <![CDATA[public void testCases_for_Single_Token.TestCases_for_Single_Token.Buy_Token() throws java.lang.InterruptedException]]>
              </value>
            </param>
          </params>
          <reporter-output>
          </reporter-output>
        </test-method> <!-- BeforeMethod -->
        <test-method signature="Buy_Token()[pri:10, instance:testCases_for_Single_Token.TestCases_for_Single_Token@cad498c]" started-at="2021-06-18T12:46:30 IST" name="Buy_Token" finished-at="2021-06-18T12:47:10 IST" duration-ms="40131" status="PASS">
          <reporter-output>
          </reporter-output>
        </test-method> <!-- Buy_Token -->
        <test-method is-config="true" signature="afterMethod(org.testng.ITestResult)[pri:0, instance:testCases_for_Single_Token.TestCases_for_Single_Token@cad498c]" started-at="2021-06-18T12:47:10 IST" name="afterMethod" finished-at="2021-06-18T12:47:10 IST" duration-ms="0" status="PASS">
          <params>
            <param index="0">
              <value>
                <![CDATA[[TestResult name=Buy_Token status=SUCCESS method=TestCases_for_Single_Token.Buy_Token()[pri:10, instance:testCases_for_Single_Token.TestCases_for_Single_Token@cad498c] output={null}]]]>
              </value>
            </param>
          </params>
          <reporter-output>
          </reporter-output>
        </test-method> <!-- afterMethod -->
        <test-method is-config="true" signature="BeforeMethod(java.lang.reflect.Method)[pri:0, instance:testCases_for_Single_Token.TestCases_for_Single_Token@cad498c]" started-at="2021-06-18T12:47:10 IST" name="BeforeMethod" finished-at="2021-06-18T12:47:10 IST" duration-ms="1" status="PASS">
          <params>
            <param index="0">
              <value>
                <![CDATA[public void testCases_for_Single_Token.TestCases_for_Single_Token.Validate_secondary_sell() throws java.lang.InterruptedException,java.awt.AWTException]]>
              </value>
            </param>
          </params>
          <reporter-output>
          </reporter-output>
        </test-method> <!-- BeforeMethod -->
        <test-method signature="Validate_secondary_sell()[pri:11, instance:testCases_for_Single_Token.TestCases_for_Single_Token@cad498c]" started-at="2021-06-18T12:47:10 IST" name="Validate_secondary_sell" finished-at="2021-06-18T12:47:46 IST" duration-ms="35600" status="FAIL">
          <exception class="org.openqa.selenium.TimeoutException">
            <message>
              <![CDATA[Expected condition failed: waiting for visibility of element located by By.xpath: //div[@id='root']//div[@class='row']//div[@class='MuiCardContent-root px-2 pt-3 pb-1']/p[text()='Test_Token_Fri Jun 18 12:44:26 GMT 2021'] (tried for 20 second(s) with 500 milliseconds interval)]]>
            </message>
            <full-stacktrace>
              <![CDATA[org.openqa.selenium.TimeoutException: Expected condition failed: waiting for visibility of element located by By.xpath: //div[@id='root']//div[@class='row']//div[@class='MuiCardContent-root px-2 pt-3 pb-1']/p[text()='Test_Token_Fri Jun 18 12:44:26 GMT 2021'] (tried for 20 second(s) with 500 milliseconds interval)
at org.openqa.selenium.support.ui.WebDriverWait.timeoutException(WebDriverWait.java:95)
at org.openqa.selenium.support.ui.FluentWait.until(FluentWait.java:272)
at pom_package.My_Token_Tab.ValidateTokenInMyToken(My_Token_Tab.java:109)
at testCases_for_Single_Token.TestCases_for_Single_Token.Validate_secondary_sell(TestCases_for_Single_Token.java:249)
at java.base/jdk.internal.reflect.NativeMethodAccessorImpl.invoke0(Native Method)
at java.base/jdk.internal.reflect.NativeMethodAccessorImpl.invoke(NativeMethodAccessorImpl.java:64)
at java.base/jdk.internal.reflect.DelegatingMethodAccessorImpl.invoke(DelegatingMethodAccessorImpl.java:43)
at java.base/java.lang.reflect.Method.invoke(Method.java:564)
at org.testng.internal.MethodInvocationHelper.invokeMethod(MethodInvocationHelper.java:132)
at org.testng.internal.TestInvoker.invokeMethod(TestInvoker.java:599)
at org.testng.internal.TestInvoker.invokeTestMethod(TestInvoker.java:174)
at org.testng.internal.MethodRunner.runInSequence(MethodRunner.java:46)
at org.testng.internal.TestInvoker$MethodInvocationAgent.invoke(TestInvoker.java:822)
at org.testng.internal.TestInvoker.invokeTestMethods(TestInvoker.java:147)
at org.testng.internal.TestMethodWorker.invokeTestMethods(TestMethodWorker.java:146)
at org.testng.internal.TestMethodWorker.run(TestMethodWorker.java:128)
at java.base/java.util.ArrayList.forEach(ArrayList.java:1511)
at org.testng.TestRunner.privateRun(TestRunner.java:764)
at org.testng.TestRunner.run(TestRunner.java:585)
at org.testng.SuiteRunner.runTest(SuiteRunner.java:384)
at org.testng.SuiteRunner.runSequentially(SuiteRunner.java:378)
at org.testng.SuiteRunner.privateRun(SuiteRunner.java:337)
at org.testng.SuiteRunner.run(SuiteRunner.java:286)
at org.testng.SuiteRunnerWorker.runSuite(SuiteRunnerWorker.java:53)
at org.testng.SuiteRunnerWorker.run(SuiteRunnerWorker.java:96)
at org.testng.TestNG.runSuitesSequentially(TestNG.java:1218)
at org.testng.TestNG.runSuitesLocally(TestNG.java:1140)
at org.testng.TestNG.runSuites(TestNG.java:1069)
at org.testng.TestNG.run(TestNG.java:1037)
at org.testng.remote.AbstractRemoteTestNG.run(AbstractRemoteTestNG.java:115)
at org.testng.remote.RemoteTestNG.initAndRun(RemoteTestNG.java:251)
at org.testng.remote.RemoteTestNG.main(RemoteTestNG.java:77)
Caused by: org.openqa.selenium.NoSuchElementException: no such element: Unable to locate element: {"method":"xpath","selector":"//div[@id='root']//div[@class='row']//div[@class='MuiCardContent-root px-2 pt-3 pb-1']/p[text()='Test_Token_Fri Jun 18 12:44:26 GMT 2021']"}
  (Session info: chrome=91.0.4472.106)
For documentation on this error, please visit: https://www.seleniumhq.org/exceptions/no_such_element.html
Build info: version: '3.141.59', revision: 'e82be7d358', time: '2018-11-14T08:25:53'
System info: host: 'DESKTOP-AV4AHNK', ip: '192.168.43.153', os.name: 'Windows 10', os.arch: 'amd64', os.version: '10.0', java.version: '15.0.2'
Driver info: org.openqa.selenium.chrome.ChromeDriver
Capabilities {acceptInsecureCerts: false, browserName: chrome, browserVersion: 91.0.4472.106, chrome: {chromedriverVersion: 91.0.4472.19 (1bf021f248676..., userDataDir: C:\Users\xooa\AppData\Local...}, goog:chromeOptions: {debuggerAddress: localhost:53396}, javascriptEnabled: true, networkConnectionEnabled: false, pageLoadStrategy: normal, platform: WINDOWS, platformName: WINDOWS, proxy: Proxy(), setWindowRect: true, strictFileInteractability: false, timeouts: {implicit: 0, pageLoad: 300000, script: 30000}, unhandledPromptBehavior: dismiss and notify, webauthn:extension:largeBlob: true, webauthn:virtualAuthenticators: true}
Session ID: 401e7472750b036cca8a31c96bb62f3c
*** Element info: {Using=xpath, value=//div[@id='root']//div[@class='row']//div[@class='MuiCardContent-root px-2 pt-3 pb-1']/p[text()='Test_Token_Fri Jun 18 12:44:26 GMT 2021']}
at jdk.internal.reflect.GeneratedConstructorAccessor16.newInstance(Unknown Source)
at java.base/jdk.internal.reflect.DelegatingConstructorAccessorImpl.newInstance(DelegatingConstructorAccessorImpl.java:45)
at java.base/java.lang.reflect.Constructor.newInstanceWithCaller(Constructor.java:500)
at java.base/java.lang.reflect.Constructor.newInstance(Constructor.java:481)
at org.openqa.selenium.remote.http.W3CHttpResponseCodec.createException(W3CHttpResponseCodec.java:187)
at org.openqa.selenium.remote.http.W3CHttpResponseCodec.decode(W3CHttpResponseCodec.java:122)
at org.openqa.selenium.remote.http.W3CHttpResponseCodec.decode(W3CHttpResponseCodec.java:49)
at org.openqa.selenium.remote.HttpCommandExecutor.execute(HttpCommandExecutor.java:158)
at org.openqa.selenium.remote.service.DriverCommandExecutor.execute(DriverCommandExecutor.java:83)
at org.openqa.selenium.remote.RemoteWebDriver.execute(RemoteWebDriver.java:552)
at org.openqa.selenium.remote.RemoteWebDriver.findElement(RemoteWebDriver.java:323)
at org.openqa.selenium.remote.RemoteWebDriver.findElementByXPath(RemoteWebDriver.java:428)
at org.openqa.selenium.By$ByXPath.findElement(By.java:353)
at org.openqa.selenium.remote.RemoteWebDriver.findElement(RemoteWebDriver.java:315)
at org.openqa.selenium.support.ui.ExpectedConditions$7.apply(ExpectedConditions.java:205)
at org.openqa.selenium.support.ui.ExpectedConditions$7.apply(ExpectedConditions.java:201)
at org.openqa.selenium.support.ui.FluentWait.until(FluentWait.java:249)
... 30 more
]]>
            </full-stacktrace>
          </exception> <!-- org.openqa.selenium.TimeoutException -->
          <reporter-output>
          </reporter-output>
        </test-method> <!-- Validate_secondary_sell -->
        <test-method is-config="true" signature="afterMethod(org.testng.ITestResult)[pri:0, instance:testCases_for_Single_Token.TestCases_for_Single_Token@cad498c]" started-at="2021-06-18T12:47:46 IST" name="afterMethod" finished-at="2021-06-18T12:47:46 IST" duration-ms="2" status="PASS">
          <params>
            <param index="0">
              <value>
                <![CDATA[[TestResult name=Validate_secondary_sell status=FAILURE method=TestCases_for_Single_Token.Validate_secondary_sell()[pri:11, instance:testCases_for_Single_Token.TestCases_for_Single_Token@cad498c] output={null}]]]>
              </value>
            </param>
          </params>
          <reporter-output>
          </reporter-output>
        </test-method> <!-- afterMethod -->
        <test-method is-config="true" signature="BeforeMethod(java.lang.reflect.Method)[pri:0, instance:testCases_for_Single_Token.TestCases_for_Single_Token@cad498c]" started-at="2021-06-18T12:47:46 IST" name="BeforeMethod" finished-at="2021-06-18T12:47:46 IST" duration-ms="1" status="PASS">
          <params>
            <param index="0">
              <value>
                <![CDATA[public void testCases_for_Single_Token.TestCases_for_Single_Token.Validate_Destroy_option() throws java.lang.InterruptedException,java.awt.AWTException]]>
              </value>
            </param>
          </params>
          <reporter-output>
          </reporter-output>
        </test-method> <!-- BeforeMethod -->
        <test-method signature="Validate_Destroy_option()[pri:12, instance:testCases_for_Single_Token.TestCases_for_Single_Token@cad498c]" started-at="2021-06-18T12:47:46 IST" name="Validate_Destroy_option" finished-at="2021-06-18T12:48:56 IST" duration-ms="69993" status="PASS">
          <reporter-output>
          </reporter-output>
        </test-method> <!-- Validate_Destroy_option -->
        <test-method is-config="true" signature="afterMethod(org.testng.ITestResult)[pri:0, instance:testCases_for_Single_Token.TestCases_for_Single_Token@cad498c]" started-at="2021-06-18T12:48:56 IST" name="afterMethod" finished-at="2021-06-18T12:48:56 IST" duration-ms="1" status="PASS">
          <params>
            <param index="0">
              <value>
                <![CDATA[[TestResult name=Validate_Destroy_option status=SUCCESS method=TestCases_for_Single_Token.Validate_Destroy_option()[pri:12, instance:testCases_for_Single_Token.TestCases_for_Single_Token@cad498c] output={null}]]]>
              </value>
            </param>
          </params>
          <reporter-output>
          </reporter-output>
        </test-method> <!-- afterMethod -->
        <test-method is-config="true" signature="BeforeMethod(java.lang.reflect.Method)[pri:0, instance:testCases_for_Single_Token.TestCases_for_Single_Token@cad498c]" started-at="2021-06-18T12:48:56 IST" name="BeforeMethod" finished-at="2021-06-18T12:48:56 IST" duration-ms="1" status="PASS">
          <params>
            <param index="0">
              <value>
                <![CDATA[public void testCases_for_Single_Token.TestCases_for_Single_Token.Validate_Delist_option() throws java.lang.InterruptedException,java.awt.AWTException]]>
              </value>
            </param>
          </params>
          <reporter-output>
          </reporter-output>
        </test-method> <!-- BeforeMethod -->
        <test-method signature="Validate_Delist_option()[pri:13, instance:testCases_for_Single_Token.TestCases_for_Single_Token@cad498c]" started-at="2021-06-18T12:48:56 IST" name="Validate_Delist_option" finished-at="2021-06-18T12:50:19 IST" duration-ms="83150" status="FAIL">
          <exception class="org.openqa.selenium.ElementClickInterceptedException">
            <message>
              <![CDATA[element click intercepted: Element <button type="button" aria-haspopup="true" aria-expanded="false" class="ml-2 mr-2 pt-1 pb-1 dropdown-toggle btn btn-link">...</button> is not clickable at point (375, 450). Other element would receive the click: <div class="modal-body">...</div>
  (Session info: chrome=91.0.4472.106)
Build info: version: '3.141.59', revision: 'e82be7d358', time: '2018-11-14T08:25:53'
System info: host: 'DESKTOP-AV4AHNK', ip: '192.168.43.153', os.name: 'Windows 10', os.arch: 'amd64', os.version: '10.0', java.version: '15.0.2'
Driver info: org.openqa.selenium.chrome.ChromeDriver
Capabilities {acceptInsecureCerts: false, browserName: chrome, browserVersion: 91.0.4472.106, chrome: {chromedriverVersion: 91.0.4472.19 (1bf021f248676..., userDataDir: C:\Users\xooa\AppData\Local...}, goog:chromeOptions: {debuggerAddress: localhost:53396}, javascriptEnabled: true, networkConnectionEnabled: false, pageLoadStrategy: normal, platform: WINDOWS, platformName: WINDOWS, proxy: Proxy(), setWindowRect: true, strictFileInteractability: false, timeouts: {implicit: 0, pageLoad: 300000, script: 30000}, unhandledPromptBehavior: dismiss and notify, webauthn:extension:largeBlob: true, webauthn:virtualAuthenticators: true}
Session ID: 401e7472750b036cca8a31c96bb62f3c]]>
            </message>
            <full-stacktrace>
              <![CDATA[org.openqa.selenium.ElementClickInterceptedException: element click intercepted: Element <button type="button" aria-haspopup="true" aria-expanded="false" class="ml-2 mr-2 pt-1 pb-1 dropdown-toggle btn btn-link">...</button> is not clickable at point (375, 450). Other element would receive the click: <div class="modal-body">...</div>
  (Session info: chrome=91.0.4472.106)
Build info: version: '3.141.59', revision: 'e82be7d358', time: '2018-11-14T08:25:53'
System info: host: 'DESKTOP-AV4AHNK', ip: '192.168.43.153', os.name: 'Windows 10', os.arch: 'amd64', os.version: '10.0', java.version: '15.0.2'
Driver info: org.openqa.selenium.chrome.ChromeDriver
Capabilities {acceptInsecureCerts: false, browserName: chrome, browserVersion: 91.0.4472.106, chrome: {chromedriverVersion: 91.0.4472.19 (1bf021f248676..., userDataDir: C:\Users\xooa\AppData\Local...}, goog:chromeOptions: {debuggerAddress: localhost:53396}, javascriptEnabled: true, networkConnectionEnabled: false, pageLoadStrategy: normal, platform: WINDOWS, platformName: WINDOWS, proxy: Proxy(), setWindowRect: true, strictFileInteractability: false, timeouts: {implicit: 0, pageLoad: 300000, script: 30000}, unhandledPromptBehavior: dismiss and notify, webauthn:extension:largeBlob: true, webauthn:virtualAuthenticators: true}
Session ID: 401e7472750b036cca8a31c96bb62f3c
at java.base/jdk.internal.reflect.NativeConstructorAccessorImpl.newInstance0(Native Method)
at java.base/jdk.internal.reflect.NativeConstructorAccessorImpl.newInstance(NativeConstructorAccessorImpl.java:64)
at java.base/jdk.internal.reflect.DelegatingConstructorAccessorImpl.newInstance(DelegatingConstructorAccessorImpl.java:45)
at java.base/java.lang.reflect.Constructor.newInstanceWithCaller(Constructor.java:500)
at java.base/java.lang.reflect.Constructor.newInstance(Constructor.java:481)
at org.openqa.selenium.remote.http.W3CHttpResponseCodec.createException(W3CHttpResponseCodec.java:187)
at org.openqa.selenium.remote.http.W3CHttpResponseCodec.decode(W3CHttpResponseCodec.java:122)
at org.openqa.selenium.remote.http.W3CHttpResponseCodec.decode(W3CHttpResponseCodec.java:49)
at org.openqa.selenium.remote.HttpCommandExecutor.execute(HttpCommandExecutor.java:158)
at org.openqa.selenium.remote.service.DriverCommandExecutor.execute(DriverCommandExecutor.java:83)
at org.openqa.selenium.remote.RemoteWebDriver.execute(RemoteWebDriver.java:552)
at org.openqa.selenium.remote.RemoteWebElement.execute(RemoteWebElement.java:285)
at org.openqa.selenium.remote.RemoteWebElement.click(RemoteWebElement.java:84)
at pom_package.Delist_Token.Delist_Token(Delist_Token.java:73)
at testCases_for_Single_Token.TestCases_for_Single_Token.Validate_Delist_option(TestCases_for_Single_Token.java:318)
at java.base/jdk.internal.reflect.NativeMethodAccessorImpl.invoke0(Native Method)
at java.base/jdk.internal.reflect.NativeMethodAccessorImpl.invoke(NativeMethodAccessorImpl.java:64)
at java.base/jdk.internal.reflect.DelegatingMethodAccessorImpl.invoke(DelegatingMethodAccessorImpl.java:43)
at java.base/java.lang.reflect.Method.invoke(Method.java:564)
at org.testng.internal.MethodInvocationHelper.invokeMethod(MethodInvocationHelper.java:132)
at org.testng.internal.TestInvoker.invokeMethod(TestInvoker.java:599)
at org.testng.internal.TestInvoker.invokeTestMethod(TestInvoker.java:174)
at org.testng.internal.MethodRunner.runInSequence(MethodRunner.java:46)
at org.testng.internal.TestInvoker$MethodInvocationAgent.invoke(TestInvoker.java:822)
at org.testng.internal.TestInvoker.invokeTestMethods(TestInvoker.java:147)
at org.testng.internal.TestMethodWorker.invokeTestMethods(TestMethodWorker.java:146)
at org.testng.internal.TestMethodWorker.run(TestMethodWorker.java:128)
at java.base/java.util.ArrayList.forEach(ArrayList.java:1511)
at org.testng.TestRunner.privateRun(TestRunner.java:764)
at org.testng.TestRunner.run(TestRunner.java:585)
at org.testng.SuiteRunner.runTest(SuiteRunner.java:384)
at org.testng.SuiteRunner.runSequentially(SuiteRunner.java:378)
at org.testng.SuiteRunner.privateRun(SuiteRunner.java:337)
at org.testng.SuiteRunner.run(SuiteRunner.java:286)
at org.testng.SuiteRunnerWorker.runSuite(SuiteRunnerWorker.java:53)
at org.testng.SuiteRunnerWorker.run(SuiteRunnerWorker.java:96)
at org.testng.TestNG.runSuitesSequentially(TestNG.java:1218)
at org.testng.TestNG.runSuitesLocally(TestNG.java:1140)
at org.testng.TestNG.runSuites(TestNG.java:1069)
at org.testng.TestNG.run(TestNG.java:1037)
at org.testng.remote.AbstractRemoteTestNG.run(AbstractRemoteTestNG.java:115)
at org.testng.remote.RemoteTestNG.initAndRun(RemoteTestNG.java:251)
at org.testng.remote.RemoteTestNG.main(RemoteTestNG.java:77)
]]>
            </full-stacktrace>
          </exception> <!-- org.openqa.selenium.ElementClickInterceptedException -->
          <reporter-output>
          </reporter-output>
        </test-method> <!-- Validate_Delist_option -->
        <test-method is-config="true" signature="afterMethod(org.testng.ITestResult)[pri:0, instance:testCases_for_Single_Token.TestCases_for_Single_Token@cad498c]" started-at="2021-06-18T12:50:19 IST" name="afterMethod" finished-at="2021-06-18T12:50:19 IST" duration-ms="2" status="PASS">
          <params>
            <param index="0">
              <value>
                <![CDATA[[TestResult name=Validate_Delist_option status=FAILURE method=TestCases_for_Single_Token.Validate_Delist_option()[pri:13, instance:testCases_for_Single_Token.TestCases_for_Single_Token@cad498c] output={null}]]]>
              </value>
            </param>
          </params>
          <reporter-output>
          </reporter-output>
        </test-method> <!-- afterMethod -->
        <test-method is-config="true" signature="after_class()[pri:0, instance:testCases_for_Single_Token.TestCases_for_Single_Token@cad498c]" started-at="2021-06-18T12:50:19 IST" name="after_class" finished-at="2021-06-18T12:50:20 IST" duration-ms="310" status="PASS">
          <reporter-output>
          </reporter-output>
        </test-method> <!-- after_class -->
      </class> <!-- testCases_for_Single_Token.TestCases_for_Single_Token -->
      <class name="testCases_for_Single_Token.testCases_for_Multiple_Editions">
        <test-method is-config="true" signature="OpenBrowser()[pri:0, instance:testCases_for_Single_Token.testCases_for_Multiple_Editions@1e6454ec]" started-at="2021-06-18T12:50:20 IST" name="OpenBrowser" finished-at="2021-06-18T12:51:05 IST" duration-ms="44978" status="PASS">
          <reporter-output>
          </reporter-output>
        </test-method> <!-- OpenBrowser -->
        <test-method signature="Verifylogin_for_Multiple_Editon_Validation()[pri:1, instance:testCases_for_Single_Token.testCases_for_Multiple_Editions@1e6454ec]" started-at="2021-06-18T12:51:05 IST" name="Verifylogin_for_Multiple_Editon_Validation" finished-at="2021-06-18T12:51:40 IST" duration-ms="35280" status="PASS">
          <reporter-output>
          </reporter-output>
        </test-method> <!-- Verifylogin_for_Multiple_Editon_Validation -->
        <test-method signature="Validate_Token_Minting_for_multiple_Editions()[pri:2, instance:testCases_for_Single_Token.testCases_for_Multiple_Editions@1e6454ec]" started-at="2021-06-18T12:51:40 IST" name="Validate_Token_Minting_for_multiple_Editions" finished-at="2021-06-18T12:52:07 IST" duration-ms="27482" status="PASS">
          <reporter-output>
          </reporter-output>
        </test-method> <!-- Validate_Token_Minting_for_multiple_Editions -->
        <test-method signature="Validate_Success_Massage_for_minted_token()[pri:3, instance:testCases_for_Single_Token.testCases_for_Multiple_Editions@1e6454ec]" started-at="2021-06-18T12:52:07 IST" name="Validate_Success_Massage_for_minted_token" finished-at="2021-06-18T12:52:25 IST" duration-ms="17642" status="PASS">
          <reporter-output>
          </reporter-output>
        </test-method> <!-- Validate_Success_Massage_for_minted_token -->
        <test-method signature="Validate_SellAllEditions_option()[pri:4, instance:testCases_for_Single_Token.testCases_for_Multiple_Editions@1e6454ec]" started-at="2021-06-18T12:52:25 IST" name="Validate_SellAllEditions_option" finished-at="2021-06-18T12:53:03 IST" duration-ms="37646" status="PASS">
          <reporter-output>
          </reporter-output>
        </test-method> <!-- Validate_SellAllEditions_option -->
        <test-method signature="logout_buyer_account()[pri:5, instance:testCases_for_Single_Token.testCases_for_Multiple_Editions@1e6454ec]" started-at="2021-06-18T12:53:03 IST" name="logout_buyer_account" finished-at="2021-06-18T12:53:09 IST" duration-ms="6514" status="PASS">
          <reporter-output>
          </reporter-output>
        </test-method> <!-- logout_buyer_account -->
        <test-method signature="login_with_other_user()[pri:6, instance:testCases_for_Single_Token.testCases_for_Multiple_Editions@1e6454ec]" started-at="2021-06-18T12:53:09 IST" name="login_with_other_user" finished-at="2021-06-18T12:53:44 IST" duration-ms="34520" status="PASS">
          <reporter-output>
          </reporter-output>
        </test-method> <!-- login_with_other_user -->
        <test-method signature="Validate_BuyEdition_option()[pri:7, instance:testCases_for_Single_Token.testCases_for_Multiple_Editions@1e6454ec]" started-at="2021-06-18T12:53:44 IST" name="Validate_BuyEdition_option" finished-at="2021-06-18T12:54:39 IST" duration-ms="55754" status="FAIL">
          <exception class="org.openqa.selenium.TimeoutException">
            <message>
              <![CDATA[Expected condition failed: waiting for visibility of element located by By.xpath: (//div[@class='modal-content'])[2]//input[@id='name'] (tried for 20 second(s) with 500 milliseconds interval)]]>
            </message>
            <full-stacktrace>
              <![CDATA[org.openqa.selenium.TimeoutException: Expected condition failed: waiting for visibility of element located by By.xpath: (//div[@class='modal-content'])[2]//input[@id='name'] (tried for 20 second(s) with 500 milliseconds interval)
at org.openqa.selenium.support.ui.WebDriverWait.timeoutException(WebDriverWait.java:95)
at org.openqa.selenium.support.ui.FluentWait.until(FluentWait.java:272)
at pom_package.Buy_Token_From_MarketPlace.Buy_Token_of_Multiple_Edition(Buy_Token_From_MarketPlace.java:246)
at testCases_for_Single_Token.testCases_for_Multiple_Editions.Validate_BuyEdition_option(testCases_for_Multiple_Editions.java:144)
at java.base/jdk.internal.reflect.NativeMethodAccessorImpl.invoke0(Native Method)
at java.base/jdk.internal.reflect.NativeMethodAccessorImpl.invoke(NativeMethodAccessorImpl.java:64)
at java.base/jdk.internal.reflect.DelegatingMethodAccessorImpl.invoke(DelegatingMethodAccessorImpl.java:43)
at java.base/java.lang.reflect.Method.invoke(Method.java:564)
at org.testng.internal.MethodInvocationHelper.invokeMethod(MethodInvocationHelper.java:132)
at org.testng.internal.TestInvoker.invokeMethod(TestInvoker.java:599)
at org.testng.internal.TestInvoker.invokeTestMethod(TestInvoker.java:174)
at org.testng.internal.MethodRunner.runInSequence(MethodRunner.java:46)
at org.testng.internal.TestInvoker$MethodInvocationAgent.invoke(TestInvoker.java:822)
at org.testng.internal.TestInvoker.invokeTestMethods(TestInvoker.java:147)
at org.testng.internal.TestMethodWorker.invokeTestMethods(TestMethodWorker.java:146)
at org.testng.internal.TestMethodWorker.run(TestMethodWorker.java:128)
at java.base/java.util.ArrayList.forEach(ArrayList.java:1511)
at org.testng.TestRunner.privateRun(TestRunner.java:764)
at org.testng.TestRunner.run(TestRunner.java:585)
at org.testng.SuiteRunner.runTest(SuiteRunner.java:384)
at org.testng.SuiteRunner.runSequentially(SuiteRunner.java:378)
at org.testng.SuiteRunner.privateRun(SuiteRunner.java:337)
at org.testng.SuiteRunner.run(SuiteRunner.java:286)
at org.testng.SuiteRunnerWorker.runSuite(SuiteRunnerWorker.java:53)
at org.testng.SuiteRunnerWorker.run(SuiteRunnerWorker.java:96)
at org.testng.TestNG.runSuitesSequentially(TestNG.java:1218)
at org.testng.TestNG.runSuitesLocally(TestNG.java:1140)
at org.testng.TestNG.runSuites(TestNG.java:1069)
at org.testng.TestNG.run(TestNG.java:1037)
at org.testng.remote.AbstractRemoteTestNG.run(AbstractRemoteTestNG.java:115)
at org.testng.remote.RemoteTestNG.initAndRun(RemoteTestNG.java:251)
at org.testng.remote.RemoteTestNG.main(RemoteTestNG.java:77)
Caused by: org.openqa.selenium.NoSuchElementException: no such element: Unable to locate element: {"method":"xpath","selector":"(//div[@class='modal-content'])[2]//input[@id='name']"}
  (Session info: chrome=91.0.4472.106)
For documentation on this error, please visit: https://www.seleniumhq.org/exceptions/no_such_element.html
Build info: version: '3.141.59', revision: 'e82be7d358', time: '2018-11-14T08:25:53'
System info: host: 'DESKTOP-AV4AHNK', ip: '192.168.43.153', os.name: 'Windows 10', os.arch: 'amd64', os.version: '10.0', java.version: '15.0.2'
Driver info: org.openqa.selenium.chrome.ChromeDriver
Capabilities {acceptInsecureCerts: false, browserName: chrome, browserVersion: 91.0.4472.106, chrome: {chromedriverVersion: 91.0.4472.19 (1bf021f248676..., userDataDir: C:\Users\xooa\AppData\Local...}, goog:chromeOptions: {debuggerAddress: localhost:51511}, javascriptEnabled: true, networkConnectionEnabled: false, pageLoadStrategy: normal, platform: WINDOWS, platformName: WINDOWS, proxy: Proxy(), setWindowRect: true, strictFileInteractability: false, timeouts: {implicit: 0, pageLoad: 300000, script: 30000}, unhandledPromptBehavior: dismiss and notify, webauthn:extension:largeBlob: true, webauthn:virtualAuthenticators: true}
Session ID: 27107452ccd75e6b93172c18badbfd83
*** Element info: {Using=xpath, value=(//div[@class='modal-content'])[2]//input[@id='name']}
at jdk.internal.reflect.GeneratedConstructorAccessor16.newInstance(Unknown Source)
at java.base/jdk.internal.reflect.DelegatingConstructorAccessorImpl.newInstance(DelegatingConstructorAccessorImpl.java:45)
at java.base/java.lang.reflect.Constructor.newInstanceWithCaller(Constructor.java:500)
at java.base/java.lang.reflect.Constructor.newInstance(Constructor.java:481)
at org.openqa.selenium.remote.http.W3CHttpResponseCodec.createException(W3CHttpResponseCodec.java:187)
at org.openqa.selenium.remote.http.W3CHttpResponseCodec.decode(W3CHttpResponseCodec.java:122)
at org.openqa.selenium.remote.http.W3CHttpResponseCodec.decode(W3CHttpResponseCodec.java:49)
at org.openqa.selenium.remote.HttpCommandExecutor.execute(HttpCommandExecutor.java:158)
at org.openqa.selenium.remote.service.DriverCommandExecutor.execute(DriverCommandExecutor.java:83)
at org.openqa.selenium.remote.RemoteWebDriver.execute(RemoteWebDriver.java:552)
at org.openqa.selenium.remote.RemoteWebDriver.findElement(RemoteWebDriver.java:323)
at org.openqa.selenium.remote.RemoteWebDriver.findElementByXPath(RemoteWebDriver.java:428)
at org.openqa.selenium.By$ByXPath.findElement(By.java:353)
at org.openqa.selenium.remote.RemoteWebDriver.findElement(RemoteWebDriver.java:315)
at org.openqa.selenium.support.ui.ExpectedConditions$7.apply(ExpectedConditions.java:205)
at org.openqa.selenium.support.ui.ExpectedConditions$7.apply(ExpectedConditions.java:201)
at org.openqa.selenium.support.ui.FluentWait.until(FluentWait.java:249)
... 30 more
]]>
            </full-stacktrace>
          </exception> <!-- org.openqa.selenium.TimeoutException -->
          <reporter-output>
          </reporter-output>
        </test-method> <!-- Validate_BuyEdition_option -->
        <test-method signature="Validate_Destroy_option()[pri:8, instance:testCases_for_Single_Token.testCases_for_Multiple_Editions@1e6454ec]" started-at="2021-06-18T12:54:39 IST" name="Validate_Destroy_option" finished-at="2021-06-18T12:54:40 IST" duration-ms="1085" status="FAIL">
          <exception class="org.openqa.selenium.ElementClickInterceptedException">
            <message>
              <![CDATA[element click intercepted: Element <a class="nav-link nav-link">...</a> is not clickable at point (100, 196). Other element would receive the click: <div class="modal fade show" role="dialog" tabindex="-1" style="display: block;">...</div>
  (Session info: chrome=91.0.4472.106)
Build info: version: '3.141.59', revision: 'e82be7d358', time: '2018-11-14T08:25:53'
System info: host: 'DESKTOP-AV4AHNK', ip: '192.168.43.153', os.name: 'Windows 10', os.arch: 'amd64', os.version: '10.0', java.version: '15.0.2'
Driver info: org.openqa.selenium.chrome.ChromeDriver
Capabilities {acceptInsecureCerts: false, browserName: chrome, browserVersion: 91.0.4472.106, chrome: {chromedriverVersion: 91.0.4472.19 (1bf021f248676..., userDataDir: C:\Users\xooa\AppData\Local...}, goog:chromeOptions: {debuggerAddress: localhost:51511}, javascriptEnabled: true, networkConnectionEnabled: false, pageLoadStrategy: normal, platform: WINDOWS, platformName: WINDOWS, proxy: Proxy(), setWindowRect: true, strictFileInteractability: false, timeouts: {implicit: 0, pageLoad: 300000, script: 30000}, unhandledPromptBehavior: dismiss and notify, webauthn:extension:largeBlob: true, webauthn:virtualAuthenticators: true}
Session ID: 27107452ccd75e6b93172c18badbfd83]]>
            </message>
            <full-stacktrace>
              <![CDATA[org.openqa.selenium.ElementClickInterceptedException: element click intercepted: Element <a class="nav-link nav-link">...</a> is not clickable at point (100, 196). Other element would receive the click: <div class="modal fade show" role="dialog" tabindex="-1" style="display: block;">...</div>
  (Session info: chrome=91.0.4472.106)
Build info: version: '3.141.59', revision: 'e82be7d358', time: '2018-11-14T08:25:53'
System info: host: 'DESKTOP-AV4AHNK', ip: '192.168.43.153', os.name: 'Windows 10', os.arch: 'amd64', os.version: '10.0', java.version: '15.0.2'
Driver info: org.openqa.selenium.chrome.ChromeDriver
Capabilities {acceptInsecureCerts: false, browserName: chrome, browserVersion: 91.0.4472.106, chrome: {chromedriverVersion: 91.0.4472.19 (1bf021f248676..., userDataDir: C:\Users\xooa\AppData\Local...}, goog:chromeOptions: {debuggerAddress: localhost:51511}, javascriptEnabled: true, networkConnectionEnabled: false, pageLoadStrategy: normal, platform: WINDOWS, platformName: WINDOWS, proxy: Proxy(), setWindowRect: true, strictFileInteractability: false, timeouts: {implicit: 0, pageLoad: 300000, script: 30000}, unhandledPromptBehavior: dismiss and notify, webauthn:extension:largeBlob: true, webauthn:virtualAuthenticators: true}
Session ID: 27107452ccd75e6b93172c18badbfd83
at java.base/jdk.internal.reflect.NativeConstructorAccessorImpl.newInstance0(Native Method)
at java.base/jdk.internal.reflect.NativeConstructorAccessorImpl.newInstance(NativeConstructorAccessorImpl.java:64)
at java.base/jdk.internal.reflect.DelegatingConstructorAccessorImpl.newInstance(DelegatingConstructorAccessorImpl.java:45)
at java.base/java.lang.reflect.Constructor.newInstanceWithCaller(Constructor.java:500)
at java.base/java.lang.reflect.Constructor.newInstance(Constructor.java:481)
at org.openqa.selenium.remote.http.W3CHttpResponseCodec.createException(W3CHttpResponseCodec.java:187)
at org.openqa.selenium.remote.http.W3CHttpResponseCodec.decode(W3CHttpResponseCodec.java:122)
at org.openqa.selenium.remote.http.W3CHttpResponseCodec.decode(W3CHttpResponseCodec.java:49)
at org.openqa.selenium.remote.HttpCommandExecutor.execute(HttpCommandExecutor.java:158)
at org.openqa.selenium.remote.service.DriverCommandExecutor.execute(DriverCommandExecutor.java:83)
at org.openqa.selenium.remote.RemoteWebDriver.execute(RemoteWebDriver.java:552)
at org.openqa.selenium.remote.RemoteWebElement.execute(RemoteWebElement.java:285)
at org.openqa.selenium.remote.RemoteWebElement.click(RemoteWebElement.java:84)
at jdk.internal.reflect.GeneratedMethodAccessor1.invoke(Unknown Source)
at java.base/jdk.internal.reflect.DelegatingMethodAccessorImpl.invoke(DelegatingMethodAccessorImpl.java:43)
at java.base/java.lang.reflect.Method.invoke(Method.java:564)
at org.openqa.selenium.support.pagefactory.internal.LocatingElementHandler.invoke(LocatingElementHandler.java:51)
at com.sun.proxy.$Proxy16.click(Unknown Source)
at pom_package.Destroy_Token.Click_on_MyToken_Naviagtion(Destroy_Token.java:44)
at testCases_for_Single_Token.testCases_for_Multiple_Editions.Validate_Destroy_option(testCases_for_Multiple_Editions.java:151)
at java.base/jdk.internal.reflect.NativeMethodAccessorImpl.invoke0(Native Method)
at java.base/jdk.internal.reflect.NativeMethodAccessorImpl.invoke(NativeMethodAccessorImpl.java:64)
at java.base/jdk.internal.reflect.DelegatingMethodAccessorImpl.invoke(DelegatingMethodAccessorImpl.java:43)
at java.base/java.lang.reflect.Method.invoke(Method.java:564)
at org.testng.internal.MethodInvocationHelper.invokeMethod(MethodInvocationHelper.java:132)
at org.testng.internal.TestInvoker.invokeMethod(TestInvoker.java:599)
at org.testng.internal.TestInvoker.invokeTestMethod(TestInvoker.java:174)
at org.testng.internal.MethodRunner.runInSequence(MethodRunner.java:46)
at org.testng.internal.TestInvoker$MethodInvocationAgent.invoke(TestInvoker.java:822)
at org.testng.internal.TestInvoker.invokeTestMethods(TestInvoker.java:147)
at org.testng.internal.TestMethodWorker.invokeTestMethods(TestMethodWorker.java:146)
at org.testng.internal.TestMethodWorker.run(TestMethodWorker.java:128)
at java.base/java.util.ArrayList.forEach(ArrayList.java:1511)
at org.testng.TestRunner.privateRun(TestRunner.java:764)
at org.testng.TestRunner.run(TestRunner.java:585)
at org.testng.SuiteRunner.runTest(SuiteRunner.java:384)
at org.testng.SuiteRunner.runSequentially(SuiteRunner.java:378)
at org.testng.SuiteRunner.privateRun(SuiteRunner.java:337)
at org.testng.SuiteRunner.run(SuiteRunner.java:286)
at org.testng.SuiteRunnerWorker.runSuite(SuiteRunnerWorker.java:53)
at org.testng.SuiteRunnerWorker.run(SuiteRunnerWorker.java:96)
at org.testng.TestNG.runSuitesSequentially(TestNG.java:1218)
at org.testng.TestNG.runSuitesLocally(TestNG.java:1140)
at org.testng.TestNG.runSuites(TestNG.java:1069)
at org.testng.TestNG.run(TestNG.java:1037)
at org.testng.remote.AbstractRemoteTestNG.run(AbstractRemoteTestNG.java:115)
at org.testng.remote.RemoteTestNG.initAndRun(RemoteTestNG.java:251)
at org.testng.remote.RemoteTestNG.main(RemoteTestNG.java:77)
]]>
            </full-stacktrace>
          </exception> <!-- org.openqa.selenium.ElementClickInterceptedException -->
          <reporter-output>
          </reporter-output>
        </test-method> <!-- Validate_Destroy_option -->
      </class> <!-- testCases_for_Single_Token.testCases_for_Multiple_Editions -->
    </test> <!-- Test -->
  </suite> <!-- Suite -->
</testng-results>
