<?xml version="1.0" encoding="UTF-8"?>
<!-- Generated by org.testng.reporters.JUnitXMLReporter -->
<testsuite ignored="0" hostname="DESKTOP-AV4AHNK" failures="0" tests="21" name="Test" time="0.18" errors="0" timestamp="2021-06-18T18:14:42 IST">
  <testcase classname="testCases_for_Single_Token.TestCases_for_Single_Token" name="@BeforeClass OpenBrowser" time="0.045">
    <failure type="java.lang.IllegalStateException" message="The driver executable does not exist: C:\NFT_Marketplace\src\test\resources\Browsers\chromedriver.exe">
      <![CDATA[java.lang.IllegalStateException: The driver executable does not exist: C:\NFT_Marketplace\src\test\resources\Browsers\chromedriver.exe
at com.google.common.base.Preconditions.checkState(Preconditions.java:585)
at org.openqa.selenium.remote.service.DriverService.checkExecutable(DriverService.java:146)
at org.openqa.selenium.remote.service.DriverService.findExecutable(DriverService.java:141)
at org.openqa.selenium.chrome.ChromeDriverService.access$000(ChromeDriverService.java:35)
at org.openqa.selenium.chrome.ChromeDriverService$Builder.findDefaultExecutable(ChromeDriverService.java:159)
at org.openqa.selenium.remote.service.DriverService$Builder.build(DriverService.java:355)
at org.openqa.selenium.chrome.ChromeDriverService.createDefaultService(ChromeDriverService.java:94)
at org.openqa.selenium.chrome.ChromeDriver.<init>(ChromeDriver.java:123)
at browserSetup.Pojo.OpenChrome(Pojo.java:22)
at testCases_for_Single_Token.TestCases_for_Single_Token.OpenBrowser(TestCases_for_Single_Token.java:54)
at java.base/java.util.ArrayList.forEach(ArrayList.java:1511)
... Removed 25 stack frames]]>
    </failure>
  </testcase> <!-- @BeforeClass OpenBrowser -->
  <testcase classname="testCases_for_Single_Token.TestCases_for_Single_Token" name="@BeforeMethod BeforeMethod" time="-1.624020281855E9">
    <skipped/>
  </testcase> <!-- @BeforeMethod BeforeMethod -->
  <testcase classname="testCases_for_Single_Token.TestCases_for_Single_Token" name="@AfterMethod afterMethod" time="-1.624020281865E9">
    <skipped/>
  </testcase> <!-- @AfterMethod afterMethod -->
  <testcase classname="testCases_for_Single_Token.TestCases_for_Single_Token" name="@BeforeMethod BeforeMethod" time="-1.624020281868E9">
    <skipped/>
  </testcase> <!-- @BeforeMethod BeforeMethod -->
  <testcase classname="testCases_for_Single_Token.TestCases_for_Single_Token" name="@AfterMethod afterMethod" time="-1.624020281874E9">
    <skipped/>
  </testcase> <!-- @AfterMethod afterMethod -->
  <testcase classname="testCases_for_Single_Token.TestCases_for_Single_Token" name="@BeforeMethod BeforeMethod" time="-1.624020281876E9">
    <skipped/>
  </testcase> <!-- @BeforeMethod BeforeMethod -->
  <testcase classname="testCases_for_Single_Token.TestCases_for_Single_Token" name="@AfterMethod afterMethod" time="-1.624020281881E9">
    <skipped/>
  </testcase> <!-- @AfterMethod afterMethod -->
  <testcase classname="testCases_for_Single_Token.TestCases_for_Single_Token" name="@BeforeMethod BeforeMethod" time="-1.624020281882E9">
    <skipped/>
  </testcase> <!-- @BeforeMethod BeforeMethod -->
  <testcase classname="testCases_for_Single_Token.TestCases_for_Single_Token" name="@AfterMethod afterMethod" time="-1.624020281885E9">
    <skipped/>
  </testcase> <!-- @AfterMethod afterMethod -->
  <testcase classname="testCases_for_Single_Token.TestCases_for_Single_Token" name="@BeforeMethod BeforeMethod" time="-1.624020281886E9">
    <skipped/>
  </testcase> <!-- @BeforeMethod BeforeMethod -->
  <testcase classname="testCases_for_Single_Token.TestCases_for_Single_Token" name="@AfterMethod afterMethod" time="-1.62402028189E9">
    <skipped/>
  </testcase> <!-- @AfterMethod afterMethod -->
  <testcase classname="testCases_for_Single_Token.TestCases_for_Single_Token" name="@BeforeMethod BeforeMethod" time="-1.624020281891E9">
    <skipped/>
  </testcase> <!-- @BeforeMethod BeforeMethod -->
  <testcase classname="testCases_for_Single_Token.TestCases_for_Single_Token" name="@AfterMethod afterMethod" time="-1.624020281895E9">
    <skipped/>
  </testcase> <!-- @AfterMethod afterMethod -->
  <testcase classname="testCases_for_Single_Token.TestCases_for_Single_Token" name="@BeforeMethod BeforeMethod" time="-1.624020281897E9">
    <skipped/>
  </testcase> <!-- @BeforeMethod BeforeMethod -->
  <testcase classname="testCases_for_Single_Token.TestCases_for_Single_Token" name="@AfterMethod afterMethod" time="-1.624020281902E9">
    <skipped/>
  </testcase> <!-- @AfterMethod afterMethod -->
  <testcase classname="testCases_for_Single_Token.TestCases_for_Single_Token" name="@BeforeMethod BeforeMethod" time="-1.624020281903E9">
    <skipped/>
  </testcase> <!-- @BeforeMethod BeforeMethod -->
  <testcase classname="testCases_for_Single_Token.TestCases_for_Single_Token" name="@AfterMethod afterMethod" time="-1.624020281907E9">
    <skipped/>
  </testcase> <!-- @AfterMethod afterMethod -->
  <testcase classname="testCases_for_Single_Token.TestCases_for_Single_Token" name="@BeforeMethod BeforeMethod" time="-1.624020281908E9">
    <skipped/>
  </testcase> <!-- @BeforeMethod BeforeMethod -->
  <testcase classname="testCases_for_Single_Token.TestCases_for_Single_Token" name="@AfterMethod afterMethod" time="-1.624020281911E9">
    <skipped/>
  </testcase> <!-- @AfterMethod afterMethod -->
  <testcase classname="testCases_for_Single_Token.TestCases_for_Single_Token" name="@BeforeMethod BeforeMethod" time="-1.624020281912E9">
    <skipped/>
  </testcase> <!-- @BeforeMethod BeforeMethod -->
  <testcase classname="testCases_for_Single_Token.TestCases_for_Single_Token" name="@AfterMethod afterMethod" time="-1.624020281915E9">
    <skipped/>
  </testcase> <!-- @AfterMethod afterMethod -->
  <testcase classname="testCases_for_Single_Token.TestCases_for_Single_Token" name="@BeforeMethod BeforeMethod" time="-1.624020281916E9">
    <skipped/>
  </testcase> <!-- @BeforeMethod BeforeMethod -->
  <testcase classname="testCases_for_Single_Token.TestCases_for_Single_Token" name="@AfterMethod afterMethod" time="-1.624020281918E9">
    <skipped/>
  </testcase> <!-- @AfterMethod afterMethod -->
  <testcase classname="testCases_for_Single_Token.TestCases_for_Single_Token" name="@BeforeMethod BeforeMethod" time="-1.624020281919E9">
    <skipped/>
  </testcase> <!-- @BeforeMethod BeforeMethod -->
  <testcase classname="testCases_for_Single_Token.TestCases_for_Single_Token" name="@AfterMethod afterMethod" time="-1.624020281922E9">
    <skipped/>
  </testcase> <!-- @AfterMethod afterMethod -->
  <testcase classname="testCases_for_Single_Token.TestCases_for_Single_Token" name="@BeforeMethod BeforeMethod" time="-1.624020281923E9">
    <skipped/>
  </testcase> <!-- @BeforeMethod BeforeMethod -->
  <testcase classname="testCases_for_Single_Token.TestCases_for_Single_Token" name="@AfterMethod afterMethod" time="-1.624020281925E9">
    <skipped/>
  </testcase> <!-- @AfterMethod afterMethod -->
  <testcase classname="testCases_for_Single_Token.TestCases_for_Single_Token" name="@AfterClass after_class" time="-1.624020281926E9">
    <skipped/>
  </testcase> <!-- @AfterClass after_class -->
  <testcase classname="testCases_for_Single_Token.testCases_for_Multiple_Editions" name="@BeforeClass OpenBrowser" time="0.003">
    <failure type="java.lang.IllegalStateException" message="The driver executable does not exist: C:\NFT_Marketplace\src\test\resources\Browsers\chromedriver.exe">
      <![CDATA[java.lang.IllegalStateException: The driver executable does not exist: C:\NFT_Marketplace\src\test\resources\Browsers\chromedriver.exe
at com.google.common.base.Preconditions.checkState(Preconditions.java:585)
at org.openqa.selenium.remote.service.DriverService.checkExecutable(DriverService.java:146)
at org.openqa.selenium.remote.service.DriverService.findExecutable(DriverService.java:141)
at org.openqa.selenium.chrome.ChromeDriverService.access$000(ChromeDriverService.java:35)
at org.openqa.selenium.chrome.ChromeDriverService$Builder.findDefaultExecutable(ChromeDriverService.java:159)
at org.openqa.selenium.remote.service.DriverService$Builder.build(DriverService.java:355)
at org.openqa.selenium.chrome.ChromeDriverService.createDefaultService(ChromeDriverService.java:94)
at org.openqa.selenium.chrome.ChromeDriver.<init>(ChromeDriver.java:123)
at browserSetup.Pojo.OpenChrome(Pojo.java:22)
at testCases_for_Single_Token.testCases_for_Multiple_Editions.OpenBrowser(testCases_for_Multiple_Editions.java:49)
at java.base/java.util.ArrayList.forEach(ArrayList.java:1511)
... Removed 25 stack frames]]>
    </failure>
  </testcase> <!-- @BeforeClass OpenBrowser -->
  <testcase classname="testCases_for_Single_Token.TestCases_for_Single_Token" name="Verifylogin" time="0.0">
    <skipped/>
  </testcase> <!-- Verifylogin -->
  <testcase classname="testCases_for_Single_Token.TestCases_for_Single_Token" name="Validate_for_OTP_and_Decline_the_update" time="0.0">
    <skipped/>
  </testcase> <!-- Validate_for_OTP_and_Decline_the_update -->
  <testcase classname="testCases_for_Single_Token.TestCases_for_Single_Token" name="openMarketplace" time="0.0">
    <skipped/>
  </testcase> <!-- openMarketplace -->
  <testcase classname="testCases_for_Single_Token.TestCases_for_Single_Token" name="Validate_for_minting_token_from_marketplace_with_single_edition_WithoutAnyRoyaltyCheck" time="0.0">
    <skipped/>
  </testcase> <!-- Validate_for_minting_token_from_marketplace_with_single_edition_WithoutAnyRoyaltyCheck -->
  <testcase classname="testCases_for_Single_Token.TestCases_for_Single_Token" name="Validate_Success_Massage_for_minted_token" time="0.0">
    <skipped/>
  </testcase> <!-- Validate_Success_Massage_for_minted_token -->
  <testcase classname="testCases_for_Single_Token.TestCases_for_Single_Token" name="Validate_Minted_Token" time="0.0">
    <skipped/>
  </testcase> <!-- Validate_Minted_Token -->
  <testcase classname="testCases_for_Single_Token.TestCases_for_Single_Token" name="SellToken" time="0.0">
    <skipped/>
  </testcase> <!-- SellToken -->
  <testcase classname="testCases_for_Single_Token.TestCases_for_Single_Token" name="logout_buyer_account" time="0.0">
    <skipped/>
  </testcase> <!-- logout_buyer_account -->
  <testcase classname="testCases_for_Single_Token.TestCases_for_Single_Token" name="login_with_other_user" time="0.0">
    <skipped/>
  </testcase> <!-- login_with_other_user -->
  <testcase classname="testCases_for_Single_Token.TestCases_for_Single_Token" name="Buy_Token" time="0.0">
    <skipped/>
  </testcase> <!-- Buy_Token -->
  <testcase classname="testCases_for_Single_Token.TestCases_for_Single_Token" name="Validate_secondary_sell" time="0.0">
    <skipped/>
  </testcase> <!-- Validate_secondary_sell -->
  <testcase classname="testCases_for_Single_Token.TestCases_for_Single_Token" name="Validate_Destroy_option" time="0.0">
    <skipped/>
  </testcase> <!-- Validate_Destroy_option -->
  <testcase classname="testCases_for_Single_Token.TestCases_for_Single_Token" name="Validate_Delist_option" time="0.001">
    <skipped/>
  </testcase> <!-- Validate_Delist_option -->
  <testcase classname="testCases_for_Single_Token.testCases_for_Multiple_Editions" name="Verifylogin_for_Multiple_Editon_Validation" time="0.0">
    <skipped/>
  </testcase> <!-- Verifylogin_for_Multiple_Editon_Validation -->
  <testcase classname="testCases_for_Single_Token.testCases_for_Multiple_Editions" name="Validate_Token_Minting_for_multiple_Editions" time="0.0">
    <skipped/>
  </testcase> <!-- Validate_Token_Minting_for_multiple_Editions -->
  <testcase classname="testCases_for_Single_Token.testCases_for_Multiple_Editions" name="Validate_Success_Massage_for_minted_token" time="0.0">
    <skipped/>
  </testcase> <!-- Validate_Success_Massage_for_minted_token -->
  <testcase classname="testCases_for_Single_Token.testCases_for_Multiple_Editions" name="Validate_SellAllEditions_option" time="0.0">
    <skipped/>
  </testcase> <!-- Validate_SellAllEditions_option -->
  <testcase classname="testCases_for_Single_Token.testCases_for_Multiple_Editions" name="logout_buyer_account" time="0.0">
    <skipped/>
  </testcase> <!-- logout_buyer_account -->
  <testcase classname="testCases_for_Single_Token.testCases_for_Multiple_Editions" name="login_with_other_user" time="0.0">
    <skipped/>
  </testcase> <!-- login_with_other_user -->
  <testcase classname="testCases_for_Single_Token.testCases_for_Multiple_Editions" name="Validate_BuyEdition_option" time="0.0">
    <skipped/>
  </testcase> <!-- Validate_BuyEdition_option -->
  <testcase classname="testCases_for_Single_Token.testCases_for_Multiple_Editions" name="Validate_Destroy_option" time="0.0">
    <skipped/>
  </testcase> <!-- Validate_Destroy_option -->
</testsuite> <!-- Test -->
