<?xml version="1.0" encoding="UTF-8"?>
<!-- Generated by org.testng.reporters.JUnitXMLReporter -->
<testsuite ignored="0" hostname="DESKTOP-AV4AHNK" failures="0" tests="15" name="Default test" time="37.01" errors="0" timestamp="2021-06-30T21:00:02 IST">
  <testcase classname="testCases_for_Single_Token.TestCases_for_Single_Token" name="@BeforeClass OpenBrowser" time="36.707">
    <failure type="org.openqa.selenium.WebDriverException" message="unknown error: net::ERR_NAME_NOT_RESOLVED
  (Session info: chrome=91.0.4472.114)
Build info: version: &amp;apos;3.141.59&amp;apos;, revision: &amp;apos;e82be7d358&amp;apos;, time: &amp;apos;2018-11-14T08:25:53&amp;apos;
System info: host: &amp;apos;DESKTOP-AV4AHNK&amp;apos;, ip: &amp;apos;192.168.43.153&amp;apos;, os.name: &amp;apos;Windows 10&amp;apos;, os.arch: &amp;apos;amd64&amp;apos;, os.version: &amp;apos;10.0&amp;apos;, java.version: &amp;apos;15.0.2&amp;apos;
Driver info: org.openqa.selenium.chrome.ChromeDriver
Capabilities {acceptInsecureCerts: false, browserName: chrome, browserVersion: 91.0.4472.114, chrome: {chromedriverVersion: 91.0.4472.19 (1bf021f248676..., userDataDir: C:\Users\xooa\AppData\Local...}, goog:chromeOptions: {debuggerAddress: localhost:50766}, javascriptEnabled: true, networkConnectionEnabled: false, pageLoadStrategy: normal, platform: WINDOWS, platformName: WINDOWS, proxy: Proxy(), setWindowRect: true, strictFileInteractability: false, timeouts: {implicit: 0, pageLoad: 300000, script: 30000}, unhandledPromptBehavior: dismiss and notify, webauthn:extension:largeBlob: true, webauthn:virtualAuthenticators: true}
Session ID: 2524a586d204a8e52f96a209f5ff36c2">
      <![CDATA[org.openqa.selenium.WebDriverException: unknown error: net::ERR_NAME_NOT_RESOLVED
  (Session info: chrome=91.0.4472.114)
Build info: version: '3.141.59', revision: 'e82be7d358', time: '2018-11-14T08:25:53'
System info: host: 'DESKTOP-AV4AHNK', ip: '192.168.43.153', os.name: 'Windows 10', os.arch: 'amd64', os.version: '10.0', java.version: '15.0.2'
Driver info: org.openqa.selenium.chrome.ChromeDriver
Capabilities {acceptInsecureCerts: false, browserName: chrome, browserVersion: 91.0.4472.114, chrome: {chromedriverVersion: 91.0.4472.19 (1bf021f248676..., userDataDir: C:\Users\xooa\AppData\Local...}, goog:chromeOptions: {debuggerAddress: localhost:50766}, javascriptEnabled: true, networkConnectionEnabled: false, pageLoadStrategy: normal, platform: WINDOWS, platformName: WINDOWS, proxy: Proxy(), setWindowRect: true, strictFileInteractability: false, timeouts: {implicit: 0, pageLoad: 300000, script: 30000}, unhandledPromptBehavior: dismiss and notify, webauthn:extension:largeBlob: true, webauthn:virtualAuthenticators: true}
Session ID: 2524a586d204a8e52f96a209f5ff36c2
at java.base/jdk.internal.reflect.NativeConstructorAccessorImpl.newInstance0(Native Method)
at java.base/jdk.internal.reflect.NativeConstructorAccessorImpl.newInstance(NativeConstructorAccessorImpl.java:64)
at java.base/jdk.internal.reflect.DelegatingConstructorAccessorImpl.newInstance(DelegatingConstructorAccessorImpl.java:45)
at java.base/java.lang.reflect.Constructor.newInstanceWithCaller(Constructor.java:500)
at java.base/java.lang.reflect.Constructor.newInstance(Constructor.java:481)
at org.openqa.selenium.remote.http.W3CHttpResponseCodec.createException(W3CHttpResponseCodec.java:187)
at org.openqa.selenium.remote.http.W3CHttpResponseCodec.decode(W3CHttpResponseCodec.java:122)
at org.openqa.selenium.remote.http.W3CHttpResponseCodec.decode(W3CHttpResponseCodec.java:49)
at org.openqa.selenium.remote.HttpCommandExecutor.execute(HttpCommandExecutor.java:158)
at org.openqa.selenium.remote.service.DriverCommandExecutor.execute(DriverCommandExecutor.java:83)
at org.openqa.selenium.remote.RemoteWebDriver.execute(RemoteWebDriver.java:552)
at org.openqa.selenium.remote.RemoteWebDriver.get(RemoteWebDriver.java:277)
at browserSetup.Pojo.OpenChrome(Pojo.java:38)
at testCases_for_Single_Token.TestCases_for_Single_Token.OpenBrowser(TestCases_for_Single_Token.java:55)
at java.base/jdk.internal.reflect.NativeMethodAccessorImpl.invoke0(Native Method)
at java.base/jdk.internal.reflect.NativeMethodAccessorImpl.invoke(NativeMethodAccessorImpl.java:64)
at java.base/jdk.internal.reflect.DelegatingMethodAccessorImpl.invoke(DelegatingMethodAccessorImpl.java:43)
at java.base/java.lang.reflect.Method.invoke(Method.java:564)
at org.testng.internal.MethodInvocationHelper.invokeMethod(MethodInvocationHelper.java:132)
at org.testng.internal.MethodInvocationHelper.invokeMethodConsideringTimeout(MethodInvocationHelper.java:61)
at org.testng.internal.ConfigInvoker.invokeConfigurationMethod(ConfigInvoker.java:366)
at org.testng.internal.ConfigInvoker.invokeConfigurations(ConfigInvoker.java:320)
at org.testng.internal.TestMethodWorker.invokeBeforeClassMethods(TestMethodWorker.java:176)
at org.testng.internal.TestMethodWorker.run(TestMethodWorker.java:122)
at java.base/java.util.ArrayList.forEach(ArrayList.java:1511)
at org.testng.TestRunner.privateRun(TestRunner.java:764)
at org.testng.TestRunner.run(TestRunner.java:585)
at org.testng.SuiteRunner.runTest(SuiteRunner.java:384)
at org.testng.SuiteRunner.runSequentially(SuiteRunner.java:378)
at org.testng.SuiteRunner.privateRun(SuiteRunner.java:337)
at org.testng.SuiteRunner.run(SuiteRunner.java:286)
at org.testng.SuiteRunnerWorker.runSuite(SuiteRunnerWorker.java:53)
at org.testng.SuiteRunnerWorker.run(SuiteRunnerWorker.java:96)
at org.testng.TestNG.runSuitesSequentially(TestNG.java:1218)
at org.testng.TestNG.runSuitesLocally(TestNG.java:1140)
at org.testng.TestNG.runSuites(TestNG.java:1069)
at org.testng.TestNG.run(TestNG.java:1037)
at org.testng.remote.AbstractRemoteTestNG.run(AbstractRemoteTestNG.java:115)
at org.testng.remote.RemoteTestNG.initAndRun(RemoteTestNG.java:251)
at org.testng.remote.RemoteTestNG.main(RemoteTestNG.java:77)
]]>
    </failure>
  </testcase> <!-- @BeforeClass OpenBrowser -->
  <testcase classname="testCases_for_Single_Token.TestCases_for_Single_Token" name="Login_for_sellers_account_with_valid_credentials" time="0.0">
    <skipped/>
  </testcase> <!-- Login_for_sellers_account_with_valid_credentials -->
  <testcase classname="testCases_for_Single_Token.TestCases_for_Single_Token" name="Validate_for_OTP_and_Decline_the_updates" time="0.0">
    <skipped/>
  </testcase> <!-- Validate_for_OTP_and_Decline_the_updates -->
  <testcase classname="testCases_for_Single_Token.TestCases_for_Single_Token" name="openMarketplace" time="0.0">
    <skipped/>
  </testcase> <!-- openMarketplace -->
  <testcase classname="testCases_for_Single_Token.TestCases_for_Single_Token" name="Validate_for_minting_token_from_marketplace_with_single_edition_WithoutAnyRoyaltyCheck" time="0.0">
    <skipped/>
  </testcase> <!-- Validate_for_minting_token_from_marketplace_with_single_edition_WithoutAnyRoyaltyCheck -->
  <testcase classname="testCases_for_Single_Token.TestCases_for_Single_Token" name="Validate_Success_Massage_for_minted_token" time="0.0">
    <skipped/>
  </testcase> <!-- Validate_Success_Massage_for_minted_token -->
  <testcase classname="testCases_for_Single_Token.TestCases_for_Single_Token" name="Validate_Minted_Token" time="0.0">
    <skipped/>
  </testcase> <!-- Validate_Minted_Token -->
  <testcase classname="testCases_for_Single_Token.TestCases_for_Single_Token" name="SellToken" time="0.0">
    <skipped/>
  </testcase> <!-- SellToken -->
  <testcase classname="testCases_for_Single_Token.TestCases_for_Single_Token" name="logout_Seller_account" time="0.0">
    <skipped/>
  </testcase> <!-- logout_Seller_account -->
  <testcase classname="testCases_for_Single_Token.TestCases_for_Single_Token" name="login_with_other_user" time="0.0">
    <skipped/>
  </testcase> <!-- login_with_other_user -->
  <testcase classname="testCases_for_Single_Token.TestCases_for_Single_Token" name="Buy_Token_Other_Buyer_account_Missing_Card_Details" time="0.0">
    <skipped/>
  </testcase> <!-- Buy_Token_Other_Buyer_account_Missing_Card_Details -->
  <testcase classname="testCases_for_Single_Token.TestCases_for_Single_Token" name="Buy_Token_Other_Buyer_account" time="0.0">
    <skipped/>
  </testcase> <!-- Buy_Token_Other_Buyer_account -->
  <testcase classname="testCases_for_Single_Token.TestCases_for_Single_Token" name="Validate_Minting_Function_With_missing_one_Mandantory_filed_eg_Name" time="0.0">
    <skipped/>
  </testcase> <!-- Validate_Minting_Function_With_missing_one_Mandantory_filed_eg_Name -->
  <testcase classname="testCases_for_Single_Token.TestCases_for_Single_Token" name="Validate_Destroy_option" time="0.0">
    <skipped/>
  </testcase> <!-- Validate_Destroy_option -->
  <testcase classname="testCases_for_Single_Token.TestCases_for_Single_Token" name="Validate_Delist_option" time="0.0">
    <skipped/>
  </testcase> <!-- Validate_Delist_option -->
  <testcase classname="testCases_for_Single_Token.TestCases_for_Single_Token" name="Validate_Gift_Token_Functionality" time="0.0">
    <skipped/>
  </testcase> <!-- Validate_Gift_Token_Functionality -->
</testsuite> <!-- Default test -->
